#! /usr/local/Cellar/icarus-verilog/11.0/bin/vvp
:ivl_version "11.0 (stable)";
:ivl_delay_selection "TYPICAL";
:vpi_time_precision - 12;
:vpi_module "/usr/local/Cellar/icarus-verilog/11.0/lib/ivl/system.vpi";
:vpi_module "/usr/local/Cellar/icarus-verilog/11.0/lib/ivl/vhdl_sys.vpi";
:vpi_module "/usr/local/Cellar/icarus-verilog/11.0/lib/ivl/vhdl_textio.vpi";
:vpi_module "/usr/local/Cellar/icarus-verilog/11.0/lib/ivl/v2005_math.vpi";
:vpi_module "/usr/local/Cellar/icarus-verilog/11.0/lib/ivl/va_math.vpi";
S_0x7fbf2ef05e80 .scope module, "TLC_tb" "TLC_tb" 2 3;
 .timescale -9 -12;
v0x6000003e8f30_0 .net "FL", 0 0, L_0x6000000e8b40;  1 drivers
v0x6000003e8fc0_0 .net "FR", 0 0, L_0x6000000e8a00;  1 drivers
v0x6000003e9050_0 .var "FS", 0 0;
v0x6000003e90e0_0 .net "FY", 0 0, L_0x6000000e8aa0;  1 drivers
v0x6000003e9170_0 .net "HG", 0 0, L_0x6000000e88c0;  1 drivers
v0x6000003e9200_0 .net "HL", 0 0, L_0x6000000e8960;  1 drivers
v0x6000003e9290_0 .net "HR", 0 0, L_0x6000000e8780;  1 drivers
v0x6000003e9320_0 .var "HS", 0 0;
v0x6000003e93b0_0 .net "HY", 0 0, L_0x6000000e8820;  1 drivers
v0x6000003e9440_0 .var "clk", 0 0;
v0x6000003e94d0_0 .var "rstn", 0 0;
E_0x600003feca80 .event negedge, v0x6000003e8750_0;
E_0x600003feca50 .event negedge, v0x6000003e8a20_0;
E_0x600003fec9f0/0 .event edge, v0x6000003e8750_0, v0x6000003e8900_0, v0x6000003e87e0_0, v0x6000003e8a20_0;
E_0x600003fec9f0/1 .event edge, v0x6000003e8990_0, v0x6000003e8bd0_0, v0x6000003e8ab0_0;
E_0x600003fec9f0 .event/or E_0x600003fec9f0/0, E_0x600003fec9f0/1;
S_0x7fbf2ef05ff0 .scope module, "TLC" "TLC" 2 17, 3 3 0, S_0x7fbf2ef05e80;
 .timescale -9 -12;
    .port_info 0 /INPUT 1 "clk";
    .port_info 1 /INPUT 1 "rstn";
    .port_info 2 /INPUT 1 "HS";
    .port_info 3 /INPUT 1 "FS";
    .port_info 4 /OUTPUT 1 "HR";
    .port_info 5 /OUTPUT 1 "HY";
    .port_info 6 /OUTPUT 1 "HG";
    .port_info 7 /OUTPUT 1 "HL";
    .port_info 8 /OUTPUT 1 "FR";
    .port_info 9 /OUTPUT 1 "FY";
    .port_info 10 /OUTPUT 1 "FL";
P_0x7fbf2ef046e0 .param/l "S0" 1 3 12, C4<000>;
P_0x7fbf2ef04720 .param/l "S1" 1 3 13, C4<001>;
P_0x7fbf2ef04760 .param/l "S2" 1 3 14, C4<010>;
P_0x7fbf2ef047a0 .param/l "S3" 1 3 15, C4<011>;
P_0x7fbf2ef047e0 .param/l "S4" 1 3 16, C4<100>;
P_0x7fbf2ef04820 .param/l "S5" 1 3 17, C4<101>;
v0x6000003e8750_0 .net "FL", 0 0, L_0x6000000e8b40;  alias, 1 drivers
v0x6000003e87e0_0 .net "FR", 0 0, L_0x6000000e8a00;  alias, 1 drivers
v0x6000003e8870_0 .net "FS", 0 0, v0x6000003e9050_0;  1 drivers
v0x6000003e8900_0 .net "FY", 0 0, L_0x6000000e8aa0;  alias, 1 drivers
v0x6000003e8990_0 .net "HG", 0 0, L_0x6000000e88c0;  alias, 1 drivers
v0x6000003e8a20_0 .net "HL", 0 0, L_0x6000000e8960;  alias, 1 drivers
v0x6000003e8ab0_0 .net "HR", 0 0, L_0x6000000e8780;  alias, 1 drivers
v0x6000003e8b40_0 .net "HS", 0 0, v0x6000003e9320_0;  1 drivers
v0x6000003e8bd0_0 .net "HY", 0 0, L_0x6000000e8820;  alias, 1 drivers
v0x6000003e8c60_0 .net "clk", 0 0, v0x6000003e9440_0;  1 drivers
v0x6000003e8cf0_0 .var "lights", 6 0;
v0x6000003e8d80_0 .net "rstn", 0 0, v0x6000003e94d0_0;  1 drivers
v0x6000003e8e10_0 .var "select", 0 0;
v0x6000003e8ea0_0 .var "state", 2 0;
E_0x600003fec9c0 .event edge, v0x6000003e8ea0_0;
E_0x600003fec960 .event posedge, v0x6000003e8d80_0, v0x6000003e8c60_0;
L_0x6000000e8780 .part v0x6000003e8cf0_0, 6, 1;
L_0x6000000e8820 .part v0x6000003e8cf0_0, 5, 1;
L_0x6000000e88c0 .part v0x6000003e8cf0_0, 4, 1;
L_0x6000000e8960 .part v0x6000003e8cf0_0, 3, 1;
L_0x6000000e8a00 .part v0x6000003e8cf0_0, 2, 1;
L_0x6000000e8aa0 .part v0x6000003e8cf0_0, 1, 1;
L_0x6000000e8b40 .part v0x6000003e8cf0_0, 0, 1;
    .scope S_0x7fbf2ef05ff0;
T_0 ;
    %wait E_0x600003fec960;
    %load/vec4 v0x6000003e8d80_0;
    %flag_set/vec4 8;
    %jmp/0xz  T_0.0, 8;
    %pushi/vec4 0, 0, 3;
    %assign/vec4 v0x6000003e8ea0_0, 0;
    %pushi/vec4 1, 0, 1;
    %assign/vec4 v0x6000003e8e10_0, 0;
    %jmp T_0.1;
T_0.0 ;
    %load/vec4 v0x6000003e8ea0_0;
    %dup/vec4;
    %pushi/vec4 0, 0, 3;
    %cmp/u;
    %jmp/1 T_0.2, 6;
    %dup/vec4;
    %pushi/vec4 1, 0, 3;
    %cmp/u;
    %jmp/1 T_0.3, 6;
    %dup/vec4;
    %pushi/vec4 2, 0, 3;
    %cmp/u;
    %jmp/1 T_0.4, 6;
    %dup/vec4;
    %pushi/vec4 3, 0, 3;
    %cmp/u;
    %jmp/1 T_0.5, 6;
    %dup/vec4;
    %pushi/vec4 4, 0, 3;
    %cmp/u;
    %jmp/1 T_0.6, 6;
    %dup/vec4;
    %pushi/vec4 5, 0, 3;
    %cmp/u;
    %jmp/1 T_0.7, 6;
    %jmp T_0.8;
T_0.2 ;
    %load/vec4 v0x6000003e8b40_0;
    %nor/r;
    %load/vec4 v0x6000003e8870_0;
    %and;
    %flag_set/vec4 8;
    %jmp/0xz  T_0.9, 8;
    %pushi/vec4 1, 0, 1;
    %assign/vec4 v0x6000003e8e10_0, 0;
    %pushi/vec4 1, 0, 3;
    %assign/vec4 v0x6000003e8ea0_0, 0;
    %jmp T_0.10;
T_0.9 ;
    %load/vec4 v0x6000003e8b40_0;
    %flag_set/vec4 8;
    %jmp/0xz  T_0.11, 8;
    %pushi/vec4 0, 0, 1;
    %assign/vec4 v0x6000003e8e10_0, 0;
    %pushi/vec4 1, 0, 3;
    %assign/vec4 v0x6000003e8ea0_0, 0;
    %jmp T_0.12;
T_0.11 ;
    %pushi/vec4 0, 0, 3;
    %assign/vec4 v0x6000003e8ea0_0, 0;
T_0.12 ;
T_0.10 ;
    %jmp T_0.8;
T_0.3 ;
    %load/vec4 v0x6000003e8e10_0;
    %flag_set/vec4 8;
    %jmp/0xz  T_0.13, 8;
    %pushi/vec4 3, 0, 3;
    %assign/vec4 v0x6000003e8ea0_0, 0;
    %pushi/vec4 0, 0, 1;
    %assign/vec4 v0x6000003e8e10_0, 0;
    %jmp T_0.14;
T_0.13 ;
    %pushi/vec4 2, 0, 3;
    %assign/vec4 v0x6000003e8ea0_0, 0;
T_0.14 ;
    %jmp T_0.8;
T_0.4 ;
    %load/vec4 v0x6000003e8870_0;
    %nor/r;
    %flag_set/vec4 8;
    %jmp/0xz  T_0.15, 8;
    %pushi/vec4 1, 0, 1;
    %assign/vec4 v0x6000003e8e10_0, 0;
    %jmp T_0.16;
T_0.15 ;
    %pushi/vec4 0, 0, 1;
    %assign/vec4 v0x6000003e8e10_0, 0;
T_0.16 ;
    %pushi/vec4 5, 0, 3;
    %assign/vec4 v0x6000003e8ea0_0, 0;
    %jmp T_0.8;
T_0.5 ;
    %pushi/vec4 4, 0, 3;
    %assign/vec4 v0x6000003e8ea0_0, 0;
    %jmp T_0.8;
T_0.6 ;
    %pushi/vec4 0, 0, 3;
    %assign/vec4 v0x6000003e8ea0_0, 0;
    %jmp T_0.8;
T_0.7 ;
    %load/vec4 v0x6000003e8e10_0;
    %flag_set/vec4 8;
    %jmp/0xz  T_0.17, 8;
    %pushi/vec4 0, 0, 3;
    %assign/vec4 v0x6000003e8ea0_0, 0;
    %jmp T_0.18;
T_0.17 ;
    %pushi/vec4 3, 0, 3;
    %assign/vec4 v0x6000003e8ea0_0, 0;
T_0.18 ;
    %jmp T_0.8;
T_0.8 ;
    %pop/vec4 1;
T_0.1 ;
    %jmp T_0;
    .thread T_0;
    .scope S_0x7fbf2ef05ff0;
T_1 ;
    %wait E_0x600003fec9c0;
    %load/vec4 v0x6000003e8ea0_0;
    %dup/vec4;
    %pushi/vec4 0, 0, 3;
    %cmp/u;
    %jmp/1 T_1.0, 6;
    %dup/vec4;
    %pushi/vec4 1, 0, 3;
    %cmp/u;
    %jmp/1 T_1.1, 6;
    %dup/vec4;
    %pushi/vec4 2, 0, 3;
    %cmp/u;
    %jmp/1 T_1.2, 6;
    %dup/vec4;
    %pushi/vec4 3, 0, 3;
    %cmp/u;
    %jmp/1 T_1.3, 6;
    %dup/vec4;
    %pushi/vec4 4, 0, 3;
    %cmp/u;
    %jmp/1 T_1.4, 6;
    %dup/vec4;
    %pushi/vec4 5, 0, 3;
    %cmp/u;
    %jmp/1 T_1.5, 6;
    %jmp T_1.6;
T_1.0 ;
    %pushi/vec4 20, 0, 7;
    %store/vec4 v0x6000003e8cf0_0, 0, 7;
    %jmp T_1.6;
T_1.1 ;
    %pushi/vec4 36, 0, 7;
    %store/vec4 v0x6000003e8cf0_0, 0, 7;
    %jmp T_1.6;
T_1.2 ;
    %pushi/vec4 12, 0, 7;
    %store/vec4 v0x6000003e8cf0_0, 0, 7;
    %jmp T_1.6;
T_1.3 ;
    %pushi/vec4 65, 0, 7;
    %store/vec4 v0x6000003e8cf0_0, 0, 7;
    %jmp T_1.6;
T_1.4 ;
    %pushi/vec4 66, 0, 7;
    %store/vec4 v0x6000003e8cf0_0, 0, 7;
    %jmp T_1.6;
T_1.5 ;
    %pushi/vec4 36, 0, 7;
    %store/vec4 v0x6000003e8cf0_0, 0, 7;
    %jmp T_1.6;
T_1.6 ;
    %pop/vec4 1;
    %jmp T_1;
    .thread T_1, $push;
    .scope S_0x7fbf2ef05e80;
T_2 ;
T_2.0 ;
    %delay 2500, 0;
    %load/vec4 v0x6000003e9440_0;
    %inv;
    %store/vec4 v0x6000003e9440_0, 0, 1;
    %jmp T_2.0;
    %end;
    .thread T_2;
    .scope S_0x7fbf2ef05e80;
T_3 ;
    %vpi_call 2 35 "$dumpfile", "dumpfile.vcd" {0 0 0};
    %vpi_call 2 36 "$dumpvars" {0 0 0};
    %end;
    .thread T_3;
    .scope S_0x7fbf2ef05e80;
T_4 ;
    %pushi/vec4 0, 0, 1;
    %store/vec4 v0x6000003e9320_0, 0, 1;
    %pushi/vec4 0, 0, 1;
    %store/vec4 v0x6000003e9050_0, 0, 1;
    %pushi/vec4 1, 0, 1;
    %store/vec4 v0x6000003e9440_0, 0, 1;
    %pushi/vec4 1, 0, 1;
    %store/vec4 v0x6000003e94d0_0, 0, 1;
    %delay 3000, 0;
    %pushi/vec4 0, 0, 1;
    %store/vec4 v0x6000003e94d0_0, 0, 1;
    %delay 4000, 0;
    %pushi/vec4 1, 0, 1;
    %store/vec4 v0x6000003e9320_0, 0, 1;
    %delay 6000, 0;
    %pushi/vec4 1, 0, 1;
    %store/vec4 v0x6000003e9050_0, 0, 1;
    %delay 4000, 0;
    %pushi/vec4 1, 0, 1;
    %store/vec4 v0x6000003e9320_0, 0, 1;
    %delay 9000, 0;
    %pushi/vec4 1, 0, 1;
    %store/vec4 v0x6000003e9050_0, 0, 1;
    %delay 17000, 0;
    %pushi/vec4 1, 0, 1;
    %store/vec4 v0x6000003e9050_0, 0, 1;
    %delay 3000, 0;
    %pushi/vec4 1, 0, 1;
    %store/vec4 v0x6000003e9320_0, 0, 1;
    %delay 10000, 0;
    %pushi/vec4 1, 0, 1;
    %store/vec4 v0x6000003e9320_0, 0, 1;
    %delay 21000, 0;
    %pushi/vec4 1, 0, 1;
    %store/vec4 v0x6000003e9320_0, 0, 1;
    %pushi/vec4 1, 0, 1;
    %store/vec4 v0x6000003e9050_0, 0, 1;
    %delay 20000, 0;
    %vpi_call 2 57 "$finish" {0 0 0};
    %end;
    .thread T_4;
    .scope S_0x7fbf2ef05e80;
T_5 ;
    %wait E_0x600003fec9f0;
    %vpi_call 2 61 "$write", $time, " : " {0 0 0};
    %load/vec4 v0x6000003e9290_0;
    %flag_set/vec4 8;
    %jmp/0xz  T_5.0, 8;
    %vpi_call 2 62 "$write", "HR" {0 0 0};
T_5.0 ;
    %load/vec4 v0x6000003e93b0_0;
    %flag_set/vec4 8;
    %jmp/0xz  T_5.2, 8;
    %vpi_call 2 63 "$write", "HY" {0 0 0};
T_5.2 ;
    %load/vec4 v0x6000003e9170_0;
    %flag_set/vec4 8;
    %jmp/0xz  T_5.4, 8;
    %vpi_call 2 64 "$write", "HG" {0 0 0};
T_5.4 ;
    %load/vec4 v0x6000003e9200_0;
    %flag_set/vec4 8;
    %jmp/0xz  T_5.6, 8;
    %vpi_call 2 65 "$write", "HL" {0 0 0};
T_5.6 ;
    %load/vec4 v0x6000003e8fc0_0;
    %flag_set/vec4 8;
    %jmp/0xz  T_5.8, 8;
    %vpi_call 2 66 "$write", "FR" {0 0 0};
T_5.8 ;
    %load/vec4 v0x6000003e90e0_0;
    %flag_set/vec4 8;
    %jmp/0xz  T_5.10, 8;
    %vpi_call 2 67 "$write", "FY" {0 0 0};
T_5.10 ;
    %load/vec4 v0x6000003e8f30_0;
    %flag_set/vec4 8;
    %jmp/0xz  T_5.12, 8;
    %vpi_call 2 68 "$write", "FL" {0 0 0};
T_5.12 ;
    %vpi_call 2 70 "$write", "\012" {0 0 0};
    %jmp T_5;
    .thread T_5, $push;
    .scope S_0x7fbf2ef05e80;
T_6 ;
    %wait E_0x600003feca50;
    %pushi/vec4 0, 0, 1;
    %store/vec4 v0x6000003e9320_0, 0, 1;
    %jmp T_6;
    .thread T_6;
    .scope S_0x7fbf2ef05e80;
T_7 ;
    %wait E_0x600003feca80;
    %pushi/vec4 0, 0, 1;
    %store/vec4 v0x6000003e9050_0, 0, 1;
    %jmp T_7;
    .thread T_7;
# The file index is used to find the file name in the following table.
:file_names 4;
    "N/A";
    "<interactive>";
    "./TLC_tb_v2.v";
    "./TLC.v";
