#! /usr/local/Cellar/icarus-verilog/11.0/bin/vvp
:ivl_version "11.0 (stable)";
:ivl_delay_selection "TYPICAL";
:vpi_time_precision - 12;
:vpi_module "/usr/local/Cellar/icarus-verilog/11.0/lib/ivl/system.vpi";
:vpi_module "/usr/local/Cellar/icarus-verilog/11.0/lib/ivl/vhdl_sys.vpi";
:vpi_module "/usr/local/Cellar/icarus-verilog/11.0/lib/ivl/vhdl_textio.vpi";
:vpi_module "/usr/local/Cellar/icarus-verilog/11.0/lib/ivl/v2005_math.vpi";
:vpi_module "/usr/local/Cellar/icarus-verilog/11.0/lib/ivl/va_math.vpi";
S_0x7f9091a04280 .scope module, "spr_tb" "spr_tb" 2 3;
 .timescale -9 -12;
v0x6000030b46c0_0 .var "clk", 0 0;
v0x6000030b4750_0 .var/i "i", 31 0;
v0x6000030b47e0_0 .var "in", 0 0;
v0x6000030b4870_0 .var "input_stream", 27 0;
v0x6000030b4900_0 .net "out", 0 0, v0x6000030b4510_0;  1 drivers
v0x6000030b4990_0 .var "reset", 0 0;
S_0x7f9091a043f0 .scope module, "DUT" "string_pattern_recognizer" 2 26, 3 3 0, S_0x7f9091a04280;
 .timescale -9 -12;
    .port_info 0 /INPUT 1 "input_data";
    .port_info 1 /INPUT 1 "reset";
    .port_info 2 /INPUT 1 "clk";
    .port_info 3 /OUTPUT 1 "output_data";
P_0x7f9091a05350 .param/l "S0" 1 3 9, C4<000>;
P_0x7f9091a05390 .param/l "S1" 1 3 10, C4<001>;
P_0x7f9091a053d0 .param/l "S2" 1 3 11, C4<010>;
P_0x7f9091a05410 .param/l "S3" 1 3 12, C4<011>;
P_0x7f9091a05450 .param/l "S4" 1 3 13, C4<100>;
P_0x7f9091a05490 .param/l "S5" 1 3 14, C4<101>;
P_0x7f9091a054d0 .param/l "S6" 1 3 15, C4<110>;
v0x6000030b43f0_0 .net "clk", 0 0, v0x6000030b46c0_0;  1 drivers
v0x6000030b4480_0 .net "input_data", 0 0, v0x6000030b47e0_0;  1 drivers
v0x6000030b4510_0 .var "output_data", 0 0;
v0x6000030b45a0_0 .net "reset", 0 0, v0x6000030b4990_0;  1 drivers
v0x6000030b4630_0 .var "state", 2 0;
E_0x600000cbc360 .event edge, v0x6000030b4630_0, v0x6000030b4510_0;
E_0x600000cbc480 .event posedge, v0x6000030b43f0_0;
    .scope S_0x7f9091a043f0;
T_0 ;
    %pushi/vec4 7, 0, 3;
    %store/vec4 v0x6000030b4630_0, 0, 3;
    %end;
    .thread T_0;
    .scope S_0x7f9091a043f0;
T_1 ;
    %wait E_0x600000cbc480;
    %load/vec4 v0x6000030b45a0_0;
    %flag_set/vec4 8;
    %jmp/0xz  T_1.0, 8;
    %pushi/vec4 0, 0, 3;
    %assign/vec4 v0x6000030b4630_0, 0;
    %jmp T_1.1;
T_1.0 ;
    %load/vec4 v0x6000030b4630_0;
    %dup/vec4;
    %pushi/vec4 0, 0, 3;
    %cmp/u;
    %jmp/1 T_1.2, 6;
    %dup/vec4;
    %pushi/vec4 1, 0, 3;
    %cmp/u;
    %jmp/1 T_1.3, 6;
    %dup/vec4;
    %pushi/vec4 2, 0, 3;
    %cmp/u;
    %jmp/1 T_1.4, 6;
    %dup/vec4;
    %pushi/vec4 3, 0, 3;
    %cmp/u;
    %jmp/1 T_1.5, 6;
    %dup/vec4;
    %pushi/vec4 4, 0, 3;
    %cmp/u;
    %jmp/1 T_1.6, 6;
    %dup/vec4;
    %pushi/vec4 5, 0, 3;
    %cmp/u;
    %jmp/1 T_1.7, 6;
    %dup/vec4;
    %pushi/vec4 6, 0, 3;
    %cmp/u;
    %jmp/1 T_1.8, 6;
    %jmp T_1.9;
T_1.2 ;
    %load/vec4 v0x6000030b4480_0;
    %pad/u 32;
    %cmpi/e 1, 0, 32;
    %jmp/0xz  T_1.10, 4;
    %pushi/vec4 1, 0, 3;
    %assign/vec4 v0x6000030b4630_0, 0;
    %jmp T_1.11;
T_1.10 ;
    %pushi/vec4 4, 0, 3;
    %assign/vec4 v0x6000030b4630_0, 0;
T_1.11 ;
    %jmp T_1.9;
T_1.3 ;
    %load/vec4 v0x6000030b4480_0;
    %pad/u 32;
    %cmpi/e 1, 0, 32;
    %jmp/0xz  T_1.12, 4;
    %pushi/vec4 1, 0, 3;
    %assign/vec4 v0x6000030b4630_0, 0;
    %jmp T_1.13;
T_1.12 ;
    %pushi/vec4 2, 0, 3;
    %assign/vec4 v0x6000030b4630_0, 0;
T_1.13 ;
    %jmp T_1.9;
T_1.4 ;
    %load/vec4 v0x6000030b4480_0;
    %pad/u 32;
    %cmpi/e 1, 0, 32;
    %jmp/0xz  T_1.14, 4;
    %pushi/vec4 3, 0, 3;
    %assign/vec4 v0x6000030b4630_0, 0;
    %jmp T_1.15;
T_1.14 ;
    %pushi/vec4 5, 0, 3;
    %assign/vec4 v0x6000030b4630_0, 0;
T_1.15 ;
    %jmp T_1.9;
T_1.5 ;
    %load/vec4 v0x6000030b4480_0;
    %pad/u 32;
    %cmpi/e 1, 0, 32;
    %jmp/0xz  T_1.16, 4;
    %pushi/vec4 1, 0, 3;
    %assign/vec4 v0x6000030b4630_0, 0;
    %jmp T_1.17;
T_1.16 ;
    %pushi/vec4 2, 0, 3;
    %assign/vec4 v0x6000030b4630_0, 0;
T_1.17 ;
    %jmp T_1.9;
T_1.6 ;
    %load/vec4 v0x6000030b4480_0;
    %pad/u 32;
    %cmpi/e 1, 0, 32;
    %jmp/0xz  T_1.18, 4;
    %pushi/vec4 1, 0, 3;
    %assign/vec4 v0x6000030b4630_0, 0;
    %jmp T_1.19;
T_1.18 ;
    %pushi/vec4 5, 0, 3;
    %assign/vec4 v0x6000030b4630_0, 0;
T_1.19 ;
    %jmp T_1.9;
T_1.7 ;
    %load/vec4 v0x6000030b4480_0;
    %pad/u 32;
    %cmpi/e 1, 0, 32;
    %jmp/0xz  T_1.20, 4;
    %pushi/vec4 1, 0, 3;
    %assign/vec4 v0x6000030b4630_0, 0;
    %jmp T_1.21;
T_1.20 ;
    %pushi/vec4 6, 0, 3;
    %assign/vec4 v0x6000030b4630_0, 0;
T_1.21 ;
    %jmp T_1.9;
T_1.8 ;
    %pushi/vec4 6, 0, 3;
    %assign/vec4 v0x6000030b4630_0, 0;
    %jmp T_1.9;
T_1.9 ;
    %pop/vec4 1;
T_1.1 ;
    %jmp T_1;
    .thread T_1;
    .scope S_0x7f9091a043f0;
T_2 ;
    %wait E_0x600000cbc360;
    %load/vec4 v0x6000030b4630_0;
    %cmpi/e 3, 0, 3;
    %jmp/0xz  T_2.0, 4;
    %pushi/vec4 1, 0, 1;
    %store/vec4 v0x6000030b4510_0, 0, 1;
    %jmp T_2.1;
T_2.0 ;
    %load/vec4 v0x6000030b4630_0;
    %cmpi/e 7, 0, 3;
    %jmp/0xz  T_2.2, 4;
    %load/vec4 v0x6000030b4510_0;
    %store/vec4 v0x6000030b4510_0, 0, 1;
    %jmp T_2.3;
T_2.2 ;
    %pushi/vec4 0, 0, 1;
    %store/vec4 v0x6000030b4510_0, 0, 1;
T_2.3 ;
T_2.1 ;
    %jmp T_2;
    .thread T_2, $push;
    .scope S_0x7f9091a04280;
T_3 ;
    %pushi/vec4 0, 0, 1;
    %store/vec4 v0x6000030b46c0_0, 0, 1;
    %end;
    .thread T_3;
    .scope S_0x7f9091a04280;
T_4 ;
    %delay 5000, 0;
    %load/vec4 v0x6000030b46c0_0;
    %inv;
    %store/vec4 v0x6000030b46c0_0, 0, 1;
    %jmp T_4;
    .thread T_4;
    .scope S_0x7f9091a04280;
T_5 ;
    %vpi_call 2 17 "$dumpfile", "dumpfile.vcd" {0 0 0};
    %vpi_call 2 18 "$dumpvars" {0 0 0};
    %end;
    .thread T_5;
    .scope S_0x7f9091a04280;
T_6 ;
    %wait E_0x600000cbc480;
    %vpi_call 2 23 "$write", "%b", v0x6000030b4900_0 {0 0 0};
    %jmp T_6;
    .thread T_6;
    .scope S_0x7f9091a04280;
T_7 ;
    %pushi/vec4 120318213, 0, 28;
    %store/vec4 v0x6000030b4870_0, 0, 28;
    %pushi/vec4 0, 0, 1;
    %store/vec4 v0x6000030b4990_0, 0, 1;
    %delay 15000, 0;
    %pushi/vec4 1, 0, 1;
    %store/vec4 v0x6000030b4990_0, 0, 1;
    %delay 7000, 0;
    %pushi/vec4 0, 0, 1;
    %store/vec4 v0x6000030b4990_0, 0, 1;
    %pushi/vec4 0, 0, 32;
    %store/vec4 v0x6000030b4750_0, 0, 32;
T_7.0 ;
    %load/vec4 v0x6000030b4750_0;
    %cmpi/s 28, 0, 32;
    %jmp/0xz T_7.1, 5;
    %load/vec4 v0x6000030b4870_0;
    %pushi/vec4 27, 0, 32;
    %load/vec4 v0x6000030b4750_0;
    %sub;
    %part/s 1;
    %store/vec4 v0x6000030b47e0_0, 0, 1;
    %delay 10000, 0;
    %load/vec4 v0x6000030b4750_0;
    %addi 1, 0, 32;
    %store/vec4 v0x6000030b4750_0, 0, 32;
    %jmp T_7.0;
T_7.1 ;
    %delay 10000, 0;
    %vpi_call 2 41 "$finish" {0 0 0};
    %end;
    .thread T_7;
# The file index is used to find the file name in the following table.
:file_names 4;
    "N/A";
    "<interactive>";
    "tb.v";
    "str-pattern-recog.v";
